[0m[[0minfo[0m] [0m[32mStep2_SecondarySpec:[0m[0m
[0m[[0minfo[0m] [0m[31m- case1: Secondary (in isolation) should properly register itself to the provided Arbiter *** FAILED ***[0m[0m
[0m[[0minfo[0m] [0m[31m  java.lang.AssertionError: assertion failed: timeout (3 seconds) during expectMsg while waiting for Join[0m[0m
[0m[[0minfo[0m] [0m[31m  at scala.Predef$.assert(Predef.scala:179)[0m[0m
[0m[[0minfo[0m] [0m[31m  at akka.testkit.TestKitBase$class.expectMsg_internal(TestKit.scala:327)[0m[0m
[0m[[0minfo[0m] [0m[31m  at akka.testkit.TestKitBase$class.expectMsg(TestKit.scala:314)[0m[0m
[0m[[0minfo[0m] [0m[31m  at akka.testkit.TestKit.expectMsg(TestKit.scala:707)[0m[0m
[0m[[0minfo[0m] [0m[31m  at kvstore.Step2_SecondarySpec$$anonfun$1.apply$mcV$sp(Step2_SecondarySpec.scala:29)[0m[0m
[0m[[0minfo[0m] [0m[31m  at kvstore.Step2_SecondarySpec$$anonfun$1.apply(Step2_SecondarySpec.scala:25)[0m[0m
[0m[[0minfo[0m] [0m[31m  at kvstore.Step2_SecondarySpec$$anonfun$1.apply(Step2_SecondarySpec.scala:25)[0m[0m
[0m[[0minfo[0m] [0m[31m  at org.scalatest.FunSuite$$anon$1.apply(FunSuite.scala:1265)[0m[0m
[0m[[0minfo[0m] [0m[31m  at org.scalatest.Suite$class.withFixture(Suite.scala:1974)[0m[0m
[0m[[0minfo[0m] [0m[31m  at kvstore.Step2_SecondarySpec.withFixture(Step2_SecondarySpec.scala:14)[0m[0m
[0m[[0minfo[0m] [0m[31m  ...[0m[0m
[0m[[0minfo[0m] [0m[31m- case2: Secondary (in isolation) must handle Snapshots *** FAILED ***[0m[0m
[0m[[0minfo[0m] [0m[31m  java.lang.AssertionError: assertion failed: timeout (3 seconds) during expectMsg while waiting for Join[0m[0m
[0m[[0minfo[0m] [0m[31m  at scala.Predef$.assert(Predef.scala:179)[0m[0m
[0m[[0minfo[0m] [0m[31m  at akka.testkit.TestKitBase$class.expectMsg_internal(TestKit.scala:327)[0m[0m
[0m[[0minfo[0m] [0m[31m  at akka.testkit.TestKitBase$class.expectMsg(TestKit.scala:314)[0m[0m
[0m[[0minfo[0m] [0m[31m  at akka.testkit.TestKit.expectMsg(TestKit.scala:707)[0m[0m
[0m[[0minfo[0m] [0m[31m  at kvstore.Step2_SecondarySpec$$anonfun$2.apply$mcV$sp(Step2_SecondarySpec.scala:40)[0m[0m
[0m[[0minfo[0m] [0m[31m  at kvstore.Step2_SecondarySpec$$anonfun$2.apply(Step2_SecondarySpec.scala:32)[0m[0m
[0m[[0minfo[0m] [0m[31m  at kvstore.Step2_SecondarySpec$$anonfun$2.apply(Step2_SecondarySpec.scala:32)[0m[0m
[0m[[0minfo[0m] [0m[31m  at org.scalatest.FunSuite$$anon$1.apply(FunSuite.scala:1265)[0m[0m
[0m[[0minfo[0m] [0m[31m  at org.scalatest.Suite$class.withFixture(Suite.scala:1974)[0m[0m
[0m[[0minfo[0m] [0m[31m  at kvstore.Step2_SecondarySpec.withFixture(Step2_SecondarySpec.scala:14)[0m[0m
[0m[[0minfo[0m] [0m[31m  ...[0m[0m
[0m[[0minfo[0m] [0m[31m- case3: Secondary should drop and immediately ack snapshots with older sequence numbers *** FAILED ***[0m[0m
[0m[[0minfo[0m] [0m[31m  java.lang.AssertionError: assertion failed: timeout (3 seconds) during expectMsg while waiting for Join[0m[0m
[0m[[0minfo[0m] [0m[31m  at scala.Predef$.assert(Predef.scala:179)[0m[0m
[0m[[0minfo[0m] [0m[31m  at akka.testkit.TestKitBase$class.expectMsg_internal(TestKit.scala:327)[0m[0m
[0m[[0minfo[0m] [0m[31m  at akka.testkit.TestKitBase$class.expectMsg(TestKit.scala:314)[0m[0m
[0m[[0minfo[0m] [0m[31m  at akka.testkit.TestKit.expectMsg(TestKit.scala:707)[0m[0m
[0m[[0minfo[0m] [0m[31m  at kvstore.Step2_SecondarySpec$$anonfun$3.apply$mcV$sp(Step2_SecondarySpec.scala:66)[0m[0m
[0m[[0minfo[0m] [0m[31m  at kvstore.Step2_SecondarySpec$$anonfun$3.apply(Step2_SecondarySpec.scala:58)[0m[0m
[0m[[0minfo[0m] [0m[31m  at kvstore.Step2_SecondarySpec$$anonfun$3.apply(Step2_SecondarySpec.scala:58)[0m[0m
[0m[[0minfo[0m] [0m[31m  at org.scalatest.FunSuite$$anon$1.apply(FunSuite.scala:1265)[0m[0m
[0m[[0minfo[0m] [0m[31m  at org.scalatest.Suite$class.withFixture(Suite.scala:1974)[0m[0m
[0m[[0minfo[0m] [0m[31m  at kvstore.Step2_SecondarySpec.withFixture(Step2_SecondarySpec.scala:14)[0m[0m
[0m[[0minfo[0m] [0m[31m  ...[0m[0m
[0m[[0minfo[0m] [0m[31m- case4: Secondary should drop snapshots with future sequence numbers *** FAILED ***[0m[0m
[0m[[0minfo[0m] [0m[31m  java.lang.AssertionError: assertion failed: timeout (3 seconds) during expectMsg while waiting for Join[0m[0m
[0m[[0minfo[0m] [0m[31m  at scala.Predef$.assert(Predef.scala:179)[0m[0m
[0m[[0minfo[0m] [0m[31m  at akka.testkit.TestKitBase$class.expectMsg_internal(TestKit.scala:327)[0m[0m
[0m[[0minfo[0m] [0m[31m  at akka.testkit.TestKitBase$class.expectMsg(TestKit.scala:314)[0m[0m
[0m[[0minfo[0m] [0m[31m  at akka.testkit.TestKit.expectMsg(TestKit.scala:707)[0m[0m
[0m[[0minfo[0m] [0m[31m  at kvstore.Step2_SecondarySpec$$anonfun$4.apply$mcV$sp(Step2_SecondarySpec.scala:96)[0m[0m
[0m[[0minfo[0m] [0m[31m  at kvstore.Step2_SecondarySpec$$anonfun$4.apply(Step2_SecondarySpec.scala:88)[0m[0m
[0m[[0minfo[0m] [0m[31m  at kvstore.Step2_SecondarySpec$$anonfun$4.apply(Step2_SecondarySpec.scala:88)[0m[0m
[0m[[0minfo[0m] [0m[31m  at org.scalatest.FunSuite$$anon$1.apply(FunSuite.scala:1265)[0m[0m
[0m[[0minfo[0m] [0m[31m  at org.scalatest.Suite$class.withFixture(Suite.scala:1974)[0m[0m
[0m[[0minfo[0m] [0m[31m  at kvstore.Step2_SecondarySpec.withFixture(Step2_SecondarySpec.scala:14)[0m[0m
[0m[[0minfo[0m] [0m[31m  ...[0m[0m
