[0m[[0minfo[0m] [0m[32mStep5_PrimaryPersistenceSpec:[0m[0m
[0m[[0minfo[0m] [0m[31m- case1: Primary does not acknowledge updates which have not been persisted *** FAILED ***[0m[0m
[0m[[0minfo[0m] [0m[31m  java.lang.AssertionError: assertion failed: timeout (3 seconds) during expectMsg while waiting for Join[0m[0m
[0m[[0minfo[0m] [0m[31m  at scala.Predef$.assert(Predef.scala:179)[0m[0m
[0m[[0minfo[0m] [0m[31m  at akka.testkit.TestKitBase$class.expectMsg_internal(TestKit.scala:327)[0m[0m
[0m[[0minfo[0m] [0m[31m  at akka.testkit.TestKitBase$class.expectMsg(TestKit.scala:314)[0m[0m
[0m[[0minfo[0m] [0m[31m  at akka.testkit.TestKit.expectMsg(TestKit.scala:707)[0m[0m
[0m[[0minfo[0m] [0m[31m  at kvstore.Step5_PrimaryPersistenceSpec$$anonfun$3.apply$mcV$sp(Step5_PrimaryPersistenceSpec.scala:32)[0m[0m
[0m[[0minfo[0m] [0m[31m  at kvstore.Step5_PrimaryPersistenceSpec$$anonfun$3.apply(Step5_PrimaryPersistenceSpec.scala:26)[0m[0m
[0m[[0minfo[0m] [0m[31m  at kvstore.Step5_PrimaryPersistenceSpec$$anonfun$3.apply(Step5_PrimaryPersistenceSpec.scala:26)[0m[0m
[0m[[0minfo[0m] [0m[31m  at org.scalatest.FunSuite$$anon$1.apply(FunSuite.scala:1265)[0m[0m
[0m[[0minfo[0m] [0m[31m  at org.scalatest.Suite$class.withFixture(Suite.scala:1974)[0m[0m
[0m[[0minfo[0m] [0m[31m  at kvstore.Step5_PrimaryPersistenceSpec.withFixture(Step5_PrimaryPersistenceSpec.scala:15)[0m[0m
[0m[[0minfo[0m] [0m[31m  ...[0m[0m
[0m[[0minfo[0m] [0m[31m- case2: Primary retries persistence every 100 milliseconds *** FAILED ***[0m[0m
[0m[[0minfo[0m] [0m[31m  java.lang.AssertionError: assertion failed: timeout (3 seconds) during expectMsg while waiting for Join[0m[0m
[0m[[0minfo[0m] [0m[31m  at scala.Predef$.assert(Predef.scala:179)[0m[0m
[0m[[0minfo[0m] [0m[31m  at akka.testkit.TestKitBase$class.expectMsg_internal(TestKit.scala:327)[0m[0m
[0m[[0minfo[0m] [0m[31m  at akka.testkit.TestKitBase$class.expectMsg(TestKit.scala:314)[0m[0m
[0m[[0minfo[0m] [0m[31m  at akka.testkit.TestKit.expectMsg(TestKit.scala:707)[0m[0m
[0m[[0minfo[0m] [0m[31m  at kvstore.Step5_PrimaryPersistenceSpec$$anonfun$4.apply$mcV$sp(Step5_PrimaryPersistenceSpec.scala:51)[0m[0m
[0m[[0minfo[0m] [0m[31m  at kvstore.Step5_PrimaryPersistenceSpec$$anonfun$4.apply(Step5_PrimaryPersistenceSpec.scala:45)[0m[0m
[0m[[0minfo[0m] [0m[31m  at kvstore.Step5_PrimaryPersistenceSpec$$anonfun$4.apply(Step5_PrimaryPersistenceSpec.scala:45)[0m[0m
[0m[[0minfo[0m] [0m[31m  at org.scalatest.FunSuite$$anon$1.apply(FunSuite.scala:1265)[0m[0m
[0m[[0minfo[0m] [0m[31m  at org.scalatest.Suite$class.withFixture(Suite.scala:1974)[0m[0m
[0m[[0minfo[0m] [0m[31m  at kvstore.Step5_PrimaryPersistenceSpec.withFixture(Step5_PrimaryPersistenceSpec.scala:15)[0m[0m
[0m[[0minfo[0m] [0m[31m  ...[0m[0m
[0m[[0minfo[0m] [0m[31m- case3: Primary generates failure after 1 second if persistence fails *** FAILED ***[0m[0m
[0m[[0minfo[0m] [0m[31m  java.lang.AssertionError: assertion failed: timeout (3 seconds) during expectMsg while waiting for Join[0m[0m
[0m[[0minfo[0m] [0m[31m  at scala.Predef$.assert(Predef.scala:179)[0m[0m
[0m[[0minfo[0m] [0m[31m  at akka.testkit.TestKitBase$class.expectMsg_internal(TestKit.scala:327)[0m[0m
[0m[[0minfo[0m] [0m[31m  at akka.testkit.TestKitBase$class.expectMsg(TestKit.scala:314)[0m[0m
[0m[[0minfo[0m] [0m[31m  at akka.testkit.TestKit.expectMsg(TestKit.scala:707)[0m[0m
[0m[[0minfo[0m] [0m[31m  at kvstore.Step5_PrimaryPersistenceSpec$$anonfun$5.apply$mcV$sp(Step5_PrimaryPersistenceSpec.scala:73)[0m[0m
[0m[[0minfo[0m] [0m[31m  at kvstore.Step5_PrimaryPersistenceSpec$$anonfun$5.apply(Step5_PrimaryPersistenceSpec.scala:67)[0m[0m
[0m[[0minfo[0m] [0m[31m  at kvstore.Step5_PrimaryPersistenceSpec$$anonfun$5.apply(Step5_PrimaryPersistenceSpec.scala:67)[0m[0m
[0m[[0minfo[0m] [0m[31m  at org.scalatest.FunSuite$$anon$1.apply(FunSuite.scala:1265)[0m[0m
[0m[[0minfo[0m] [0m[31m  at org.scalatest.Suite$class.withFixture(Suite.scala:1974)[0m[0m
[0m[[0minfo[0m] [0m[31m  at kvstore.Step5_PrimaryPersistenceSpec.withFixture(Step5_PrimaryPersistenceSpec.scala:15)[0m[0m
[0m[[0minfo[0m] [0m[31m  ...[0m[0m
[0m[[0minfo[0m] [0m[31m- case4: Primary generates failure after 1 second if global acknowledgement fails *** FAILED ***[0m[0m
[0m[[0minfo[0m] [0m[31m  java.lang.AssertionError: assertion failed: timeout (3 seconds) during expectMsg while waiting for Join[0m[0m
[0m[[0minfo[0m] [0m[31m  at scala.Predef$.assert(Predef.scala:179)[0m[0m
[0m[[0minfo[0m] [0m[31m  at akka.testkit.TestKitBase$class.expectMsg_internal(TestKit.scala:327)[0m[0m
[0m[[0minfo[0m] [0m[31m  at akka.testkit.TestKitBase$class.expectMsg(TestKit.scala:314)[0m[0m
[0m[[0minfo[0m] [0m[31m  at akka.testkit.TestKit.expectMsg(TestKit.scala:707)[0m[0m
[0m[[0minfo[0m] [0m[31m  at kvstore.Step5_PrimaryPersistenceSpec$$anonfun$6.apply$mcV$sp(Step5_PrimaryPersistenceSpec.scala:89)[0m[0m
[0m[[0minfo[0m] [0m[31m  at kvstore.Step5_PrimaryPersistenceSpec$$anonfun$6.apply(Step5_PrimaryPersistenceSpec.scala:82)[0m[0m
[0m[[0minfo[0m] [0m[31m  at kvstore.Step5_PrimaryPersistenceSpec$$anonfun$6.apply(Step5_PrimaryPersistenceSpec.scala:82)[0m[0m
[0m[[0minfo[0m] [0m[31m  at org.scalatest.FunSuite$$anon$1.apply(FunSuite.scala:1265)[0m[0m
[0m[[0minfo[0m] [0m[31m  at org.scalatest.Suite$class.withFixture(Suite.scala:1974)[0m[0m
[0m[[0minfo[0m] [0m[31m  at kvstore.Step5_PrimaryPersistenceSpec.withFixture(Step5_PrimaryPersistenceSpec.scala:15)[0m[0m
[0m[[0minfo[0m] [0m[31m  ...[0m[0m
[0m[[0minfo[0m] [0m[31m- case5: Primary acknowledges only after persistence and global acknowledgement *** FAILED ***[0m[0m
[0m[[0minfo[0m] [0m[31m  java.lang.AssertionError: assertion failed: timeout (3 seconds) during expectMsg while waiting for Join[0m[0m
[0m[[0minfo[0m] [0m[31m  at scala.Predef$.assert(Predef.scala:179)[0m[0m
[0m[[0minfo[0m] [0m[31m  at akka.testkit.TestKitBase$class.expectMsg_internal(TestKit.scala:327)[0m[0m
[0m[[0minfo[0m] [0m[31m  at akka.testkit.TestKitBase$class.expectMsg(TestKit.scala:314)[0m[0m
[0m[[0minfo[0m] [0m[31m  at akka.testkit.TestKit.expectMsg(TestKit.scala:707)[0m[0m
[0m[[0minfo[0m] [0m[31m  at kvstore.Step5_PrimaryPersistenceSpec$$anonfun$7.apply$mcV$sp(Step5_PrimaryPersistenceSpec.scala:106)[0m[0m
[0m[[0minfo[0m] [0m[31m  at kvstore.Step5_PrimaryPersistenceSpec$$anonfun$7.apply(Step5_PrimaryPersistenceSpec.scala:99)[0m[0m
[0m[[0minfo[0m] [0m[31m  at kvstore.Step5_PrimaryPersistenceSpec$$anonfun$7.apply(Step5_PrimaryPersistenceSpec.scala:99)[0m[0m
[0m[[0minfo[0m] [0m[31m  at org.scalatest.FunSuite$$anon$1.apply(FunSuite.scala:1265)[0m[0m
[0m[[0minfo[0m] [0m[31m  at org.scalatest.Suite$class.withFixture(Suite.scala:1974)[0m[0m
[0m[[0minfo[0m] [0m[31m  at kvstore.Step5_PrimaryPersistenceSpec.withFixture(Step5_PrimaryPersistenceSpec.scala:15)[0m[0m
[0m[[0minfo[0m] [0m[31m  ...[0m[0m
