[0m[[0minfo[0m] [0m[32mStep1_PrimarySpec:[0m[0m
[0m[[0minfo[0m] [0m[31m- case1: Primary (in isolation) should properly register itself to the provided Arbiter *** FAILED ***[0m[0m
[0m[[0minfo[0m] [0m[31m  java.lang.AssertionError: assertion failed: timeout (3 seconds) during expectMsg while waiting for Join[0m[0m
[0m[[0minfo[0m] [0m[31m  at scala.Predef$.assert(Predef.scala:179)[0m[0m
[0m[[0minfo[0m] [0m[31m  at akka.testkit.TestKitBase$class.expectMsg_internal(TestKit.scala:327)[0m[0m
[0m[[0minfo[0m] [0m[31m  at akka.testkit.TestKitBase$class.expectMsg(TestKit.scala:314)[0m[0m
[0m[[0minfo[0m] [0m[31m  at akka.testkit.TestKit.expectMsg(TestKit.scala:707)[0m[0m
[0m[[0minfo[0m] [0m[31m  at kvstore.Step1_PrimarySpec$$anonfun$1.apply$mcV$sp(Step1_PrimarySpec.scala:34)[0m[0m
[0m[[0minfo[0m] [0m[31m  at kvstore.Step1_PrimarySpec$$anonfun$1.apply(Step1_PrimarySpec.scala:30)[0m[0m
[0m[[0minfo[0m] [0m[31m  at kvstore.Step1_PrimarySpec$$anonfun$1.apply(Step1_PrimarySpec.scala:30)[0m[0m
[0m[[0minfo[0m] [0m[31m  at org.scalatest.FunSuite$$anon$1.apply(FunSuite.scala:1265)[0m[0m
[0m[[0minfo[0m] [0m[31m  at org.scalatest.Suite$class.withFixture(Suite.scala:1974)[0m[0m
[0m[[0minfo[0m] [0m[31m  at kvstore.Step1_PrimarySpec.withFixture(Step1_PrimarySpec.scala:17)[0m[0m
[0m[[0minfo[0m] [0m[31m  ...[0m[0m
[0m[[0minfo[0m] [0m[31m- case2: Primary (in isolation) should react properly to Insert, Remove, Get *** FAILED ***[0m[0m
[0m[[0minfo[0m] [0m[31m  java.lang.AssertionError: assertion failed: timeout (3 seconds) during expectMsg while waiting for Join[0m[0m
[0m[[0minfo[0m] [0m[31m  at scala.Predef$.assert(Predef.scala:179)[0m[0m
[0m[[0minfo[0m] [0m[31m  at akka.testkit.TestKitBase$class.expectMsg_internal(TestKit.scala:327)[0m[0m
[0m[[0minfo[0m] [0m[31m  at akka.testkit.TestKitBase$class.expectMsg(TestKit.scala:314)[0m[0m
[0m[[0minfo[0m] [0m[31m  at akka.testkit.TestKit.expectMsg(TestKit.scala:707)[0m[0m
[0m[[0minfo[0m] [0m[31m  at kvstore.Step1_PrimarySpec$$anonfun$2.apply$mcV$sp(Step1_PrimarySpec.scala:42)[0m[0m
[0m[[0minfo[0m] [0m[31m  at kvstore.Step1_PrimarySpec$$anonfun$2.apply(Step1_PrimarySpec.scala:37)[0m[0m
[0m[[0minfo[0m] [0m[31m  at kvstore.Step1_PrimarySpec$$anonfun$2.apply(Step1_PrimarySpec.scala:37)[0m[0m
[0m[[0minfo[0m] [0m[31m  at org.scalatest.FunSuite$$anon$1.apply(FunSuite.scala:1265)[0m[0m
[0m[[0minfo[0m] [0m[31m  at org.scalatest.Suite$class.withFixture(Suite.scala:1974)[0m[0m
[0m[[0minfo[0m] [0m[31m  at kvstore.Step1_PrimarySpec.withFixture(Step1_PrimarySpec.scala:17)[0m[0m
[0m[[0minfo[0m] [0m[31m  ...[0m[0m
