[0m[[0minfo[0m] [0m[32mStep3_ReplicatorSpec:[0m[0m
[0m[[0minfo[0m] [0m[31m- case1: Replicator should send snapshots when asked to replicate *** FAILED ***[0m[0m
[0m[[0minfo[0m] [0m[31m  java.lang.AssertionError: assertion failed: timeout (3 seconds) during expectMsg while waiting for Snapshot(k1,Some(v1),0)[0m[0m
[0m[[0minfo[0m] [0m[31m  at scala.Predef$.assert(Predef.scala:179)[0m[0m
[0m[[0minfo[0m] [0m[31m  at akka.testkit.TestKitBase$class.expectMsg_internal(TestKit.scala:327)[0m[0m
[0m[[0minfo[0m] [0m[31m  at akka.testkit.TestKitBase$class.expectMsg(TestKit.scala:314)[0m[0m
[0m[[0minfo[0m] [0m[31m  at akka.testkit.TestKit.expectMsg(TestKit.scala:707)[0m[0m
[0m[[0minfo[0m] [0m[31m  at kvstore.Step3_ReplicatorSpec$$anonfun$1.apply$mcV$sp(Step3_ReplicatorSpec.scala:32)[0m[0m
[0m[[0minfo[0m] [0m[31m  at kvstore.Step3_ReplicatorSpec$$anonfun$1.apply(Step3_ReplicatorSpec.scala:27)[0m[0m
[0m[[0minfo[0m] [0m[31m  at kvstore.Step3_ReplicatorSpec$$anonfun$1.apply(Step3_ReplicatorSpec.scala:27)[0m[0m
[0m[[0minfo[0m] [0m[31m  at org.scalatest.FunSuite$$anon$1.apply(FunSuite.scala:1265)[0m[0m
[0m[[0minfo[0m] [0m[31m  at org.scalatest.Suite$class.withFixture(Suite.scala:1974)[0m[0m
[0m[[0minfo[0m] [0m[31m  at kvstore.Step3_ReplicatorSpec.withFixture(Step3_ReplicatorSpec.scala:16)[0m[0m
[0m[[0minfo[0m] [0m[31m  ...[0m[0m
[0m[[0minfo[0m] [0m[31m- case2: Replicator should retry until acknowledged by secondary *** FAILED ***[0m[0m
[0m[[0minfo[0m] [0m[31m  java.lang.AssertionError: assertion failed: timeout (3 seconds) during expectMsg while waiting for Snapshot(k1,Some(v1),0)[0m[0m
[0m[[0minfo[0m] [0m[31m  at scala.Predef$.assert(Predef.scala:179)[0m[0m
[0m[[0minfo[0m] [0m[31m  at akka.testkit.TestKitBase$class.expectMsg_internal(TestKit.scala:327)[0m[0m
[0m[[0minfo[0m] [0m[31m  at akka.testkit.TestKitBase$class.expectMsg(TestKit.scala:314)[0m[0m
[0m[[0minfo[0m] [0m[31m  at akka.testkit.TestKit.expectMsg(TestKit.scala:707)[0m[0m
[0m[[0minfo[0m] [0m[31m  at kvstore.Step3_ReplicatorSpec$$anonfun$2.apply$mcV$sp(Step3_ReplicatorSpec.scala:56)[0m[0m
[0m[[0minfo[0m] [0m[31m  at kvstore.Step3_ReplicatorSpec$$anonfun$2.apply(Step3_ReplicatorSpec.scala:51)[0m[0m
[0m[[0minfo[0m] [0m[31m  at kvstore.Step3_ReplicatorSpec$$anonfun$2.apply(Step3_ReplicatorSpec.scala:51)[0m[0m
[0m[[0minfo[0m] [0m[31m  at org.scalatest.FunSuite$$anon$1.apply(FunSuite.scala:1265)[0m[0m
[0m[[0minfo[0m] [0m[31m  at org.scalatest.Suite$class.withFixture(Suite.scala:1974)[0m[0m
[0m[[0minfo[0m] [0m[31m  at kvstore.Step3_ReplicatorSpec.withFixture(Step3_ReplicatorSpec.scala:16)[0m[0m
[0m[[0minfo[0m] [0m[31m  ...[0m[0m
